/bin/bash: line 1:  2208 Aborted                 timeout 21600 ./cbc -import /home/danilo/cbc-test-set/allcolor10.mps.gz -timeM elapsed -seconds 10800 -knapsack off -solve -solu sol-group-root/allcolor10.txt -quit > round-group-root/allcolor10.txt 2> erro-group-root/erro-allcolor10.txt
/bin/bash: line 1:  2447 Aborted                 timeout 21600 ./cbc -import /home/danilo/cbc-test-set/attfInst2.mps.gz -timeM elapsed -seconds 10800 -knapsack off -solve -solu sol-group-root/attfInst2.txt -quit > round-group-root/attfInst2.txt 2> erro-group-root/erro-attfInst2.txt
/bin/bash: line 1: 23894 Aborted                 timeout 21600 ./cbc -import /home/danilo/cbc-test-set/attfInst2.mps.gz -timeM elapsed -seconds 10800 -knapsack off -solve -solu sol-group-root/attfInst2.txt -quit > round-group-root/attfInst2.txt 2> erro-group-root/erro-attfInst2.txt
/bin/bash: line 1: 23893 Aborted                 timeout 21600 ./cbc -import /home/danilo/cbc-test-set/allcolor10.mps.gz -timeM elapsed -seconds 10800 -knapsack off -solve -solu sol-group-root/allcolor10.txt -quit > round-group-root/allcolor10.txt 2> erro-group-root/erro-allcolor10.txt
/bin/bash: line 1: 24389 Aborted                 timeout 21600 ./cbc -import /home/danilo/cbc-test-set/bjorn1.mps.gz -timeM elapsed -seconds 10800 -knapsack off -solve -solu sol-group-root/bjorn1.txt -quit > round-group-root/bjorn1.txt 2> erro-group-root/erro-bjorn1.txt
/bin/bash: line 1: 28046 Aborted                 timeout 21600 ./cbc -import /home/danilo/cbc-test-set/cl_08_020_01.mps.gz -timeM elapsed -seconds 10800 -knapsack off -solve -solu sol-group-root/cl_08_020_01.txt -quit > round-group-root/cl_08_020_01.txt 2> erro-group-root/erro-cl_08_020_01.txt
/bin/bash: line 1: 32029 Aborted                 timeout 21600 ./cbc -import /home/danilo/cbc-test-set/neos-1429212.mps.gz -timeM elapsed -seconds 10800 -knapsack off -solve -solu sol-group-root/neos-1429212.txt -quit > round-group-root/neos-1429212.txt 2> erro-group-root/erro-neos-1429212.txt
/bin/bash: line 1: 30165 Aborted                 timeout 21600 ./cbc -import /home/danilo/cbc-test-set/dcmst_v20a50d4.mps.gz -timeM elapsed -seconds 10800 -knapsack off -solve -solu sol-group-root/dcmst_v20a50d4.txt -quit > round-group-root/dcmst_v20a50d4.txt 2> erro-group-root/erro-dcmst_v20a50d4.txt
/bin/bash: line 1:  3980 Killed                  timeout 21600 ./cbc -import /home/danilo/cbc-test-set/neos-3322547-alsek.mps.gz -timeM elapsed -seconds 10800 -knapsack off -solve -solu sol-group-root/neos-3322547-alsek.txt -quit > round-group-root/neos-3322547-alsek.txt 2> erro-group-root/erro-neos-3322547-alsek.txt
/bin/bash: line 1: 14865 Aborted                 timeout 21600 ./cbc -import /home/danilo/cbc-test-set/radiationm18-12-05.mps.gz -timeM elapsed -seconds 10800 -knapsack off -solve -solu sol-group-root/radiationm18-12-05.txt -quit > round-group-root/radiationm18-12-05.txt 2> erro-group-root/erro-radiationm18-12-05.txt
/bin/bash: line 1:  5035 Killed                  timeout 21600 ./cbc -import /home/danilo/cbc-test-set/neos-4359986-taipa.mps.gz -timeM elapsed -seconds 10800 -knapsack off -solve -solu sol-group-root/neos-4359986-taipa.txt -quit > round-group-root/neos-4359986-taipa.txt 2> erro-group-root/erro-neos-4359986-taipa.txt
/bin/bash: line 1:  5372 Killed                  timeout 21600 ./cbc -import /home/danilo/cbc-test-set/neos-4533806-waima.mps.gz -timeM elapsed -seconds 10800 -knapsack off -solve -solu sol-group-root/neos-4533806-waima.txt -quit > round-group-root/neos-4533806-waima.txt 2> erro-group-root/erro-neos-4533806-waima.txt
/bin/bash: line 1:  5433 Killed                  timeout 21600 ./cbc -import /home/danilo/cbc-test-set/neos-4562542-watut.mps.gz -timeM elapsed -seconds 10800 -knapsack off -solve -solu sol-group-root/neos-4562542-watut.txt -quit > round-group-root/neos-4562542-watut.txt 2> erro-group-root/erro-neos-4562542-watut.txt
/bin/bash: line 1:  6418 Aborted                 timeout 21600 ./cbc -import /home/danilo/cbc-test-set/neos-4738912-atrato.mps.gz -timeM elapsed -seconds 10800 -knapsack off -solve -solu sol-group-root/neos-4738912-atrato.txt -quit > round-group-root/neos-4738912-atrato.txt 2> erro-group-root/erro-neos-4738912-atrato.txt
/bin/bash: line 1: 16609 Aborted                 timeout 21600 ./cbc -import /home/danilo/cbc-test-set/roll3000.mps.gz -timeM elapsed -seconds 10800 -knapsack off -solve -solu sol-group-root/roll3000.txt -quit > round-group-root/roll3000.txt 2> erro-group-root/erro-roll3000.txt
/bin/bash: line 1: 16746 Aborted                 timeout 21600 ./cbc -import /home/danilo/cbc-test-set/s100.mps.gz -timeM elapsed -seconds 10800 -knapsack off -solve -solu sol-group-root/s100.txt -quit > round-group-root/s100.txt 2> erro-group-root/erro-s100.txt
/bin/bash: line 1:   350 Aborted                 timeout 21600 ./cbc -import /home/danilo/cbc-test-set/harp2.mps.gz -timeM elapsed -seconds 10800 -knapsack off -solve -solu sol-group-root/harp2.txt -quit > round-group-root/harp2.txt 2> erro-group-root/erro-harp2.txt
/bin/bash: line 1:  1751 Aborted                 timeout 21600 ./cbc -import /home/danilo/cbc-test-set/lectsched-4-obj.mps.gz -timeM elapsed -seconds 10800 -knapsack off -solve -solu sol-group-root/lectsched-4-obj.txt -quit > round-group-root/lectsched-4-obj.txt 2> erro-group-root/erro-lectsched-4-obj.txt
/bin/bash: line 1:  9058 Aborted                 timeout 21600 ./cbc -import /home/danilo/cbc-test-set/neos-574665.mps.gz -timeM elapsed -seconds 10800 -knapsack off -solve -solu sol-group-root/neos-574665.txt -quit > round-group-root/neos-574665.txt 2> erro-group-root/erro-neos-574665.txt
/bin/bash: line 1:  8993 Aborted                 timeout 21600 ./cbc -import /home/danilo/cbc-test-set/neos-555424.mps.gz -timeM elapsed -seconds 10800 -knapsack off -solve -solu sol-group-root/neos-555424.txt -quit > round-group-root/neos-555424.txt 2> erro-group-root/erro-neos-555424.txt
/bin/bash: line 1: 19961 Aborted                 timeout 21600 ./cbc -import /home/danilo/cbc-test-set/supportcase17.mps.gz -timeM elapsed -seconds 10800 -knapsack off -solve -solu sol-group-root/supportcase17.txt -quit > round-group-root/supportcase17.txt 2> erro-group-root/erro-supportcase17.txt
/bin/bash: line 1: 10055 Aborted                 timeout 21600 ./cbc -import /home/danilo/cbc-test-set/neos-934531.mps.gz -timeM elapsed -seconds 10800 -knapsack off -solve -solu sol-group-root/neos-934531.txt -quit > round-group-root/neos-934531.txt 2> erro-group-root/erro-neos-934531.txt
/bin/bash: line 1: 10489 Aborted                 timeout 21600 ./cbc -import /home/danilo/cbc-test-set/neos16.mps.gz -timeM elapsed -seconds 10800 -knapsack off -solve -solu sol-group-root/neos16.txt -quit > round-group-root/neos16.txt 2> erro-group-root/erro-neos16.txt
/bin/bash: line 1: 20884 Aborted                 timeout 21600 ./cbc -import /home/danilo/cbc-test-set/tokyometro.mps.gz -timeM elapsed -seconds 10800 -knapsack off -solve -solu sol-group-root/tokyometro.txt -quit > round-group-root/tokyometro.txt 2> erro-group-root/erro-tokyometro.txt
/bin/bash: line 1:  5601 Aborted                 timeout 21600 ./cbc -import /home/danilo/cbc-test-set/neos-1429212.mps.gz -timeM elapsed -seconds 10800 -knapsack off -solve -solu sol-group-root/neos-1429212.txt -quit > round-group-root/neos-1429212.txt 2> erro-group-root/erro-neos-1429212.txt
/bin/bash: line 1: 20973 Aborted                 timeout 21600 ./cbc -import /home/danilo/cbc-test-set/traininstance2.mps.gz -timeM elapsed -seconds 10800 -knapsack off -solve -solu sol-group-root/traininstance2.txt -quit > round-group-root/traininstance2.txt 2> erro-group-root/erro-traininstance2.txt
/bin/bash: line 1: 22413 Aborted                 timeout 21600 ./cbc -import /home/danilo/cbc-test-set/umts.mps.gz -timeM elapsed -seconds 10800 -knapsack off -solve -solu sol-group-root/umts.txt -quit > round-group-root/umts.txt 2> erro-group-root/erro-umts.txt
/bin/bash: line 1:  6843 Killed                  timeout 21600 ./cbc -import /home/danilo/cbc-test-set/neos-3322547-alsek.mps.gz -timeM elapsed -seconds 10800 -knapsack off -solve -solu sol-group-root/neos-3322547-alsek.txt -quit > round-group-root/neos-3322547-alsek.txt 2> erro-group-root/erro-neos-3322547-alsek.txt
/bin/bash: line 1:  9141 Killed                  timeout 21600 ./cbc -import /home/danilo/cbc-test-set/neos-4359986-taipa.mps.gz -timeM elapsed -seconds 10800 -knapsack off -solve -solu sol-group-root/neos-4359986-taipa.txt -quit > round-group-root/neos-4359986-taipa.txt 2> erro-group-root/erro-neos-4359986-taipa.txt
/bin/bash: line 1:  9521 Killed                  timeout 21600 ./cbc -import /home/danilo/cbc-test-set/neos-4533806-waima.mps.gz -timeM elapsed -seconds 10800 -knapsack off -solve -solu sol-group-root/neos-4533806-waima.txt -quit > round-group-root/neos-4533806-waima.txt 2> erro-group-root/erro-neos-4533806-waima.txt
/bin/bash: line 1:  9539 Killed                  timeout 21600 ./cbc -import /home/danilo/cbc-test-set/neos-4545615-waita.mps.gz -timeM elapsed -seconds 10800 -knapsack off -solve -solu sol-group-root/neos-4545615-waita.txt -quit > round-group-root/neos-4545615-waita.txt 2> erro-group-root/erro-neos-4545615-waita.txt
/bin/bash: line 1:  9940 Aborted                 timeout 21600 ./cbc -import /home/danilo/cbc-test-set/neos-4738912-atrato.mps.gz -timeM elapsed -seconds 10800 -knapsack off -solve -solu sol-group-root/neos-4738912-atrato.txt -quit > round-group-root/neos-4738912-atrato.txt 2> erro-group-root/erro-neos-4738912-atrato.txt
/bin/bash: line 1: 10324 Aborted                 timeout 21600 ./cbc -import /home/danilo/cbc-test-set/neos-5075914-elvire.mps.gz -timeM elapsed -seconds 10800 -knapsack off -solve -solu sol-group-root/neos-5075914-elvire.txt -quit > round-group-root/neos-5075914-elvire.txt 2> erro-group-root/erro-neos-5075914-elvire.txt
/bin/bash: line 1: 11967 Aborted                 timeout 21600 ./cbc -import /home/danilo/cbc-test-set/neos-555884.mps.gz -timeM elapsed -seconds 10800 -knapsack off -solve -solu sol-group-root/neos-555884.txt -quit > round-group-root/neos-555884.txt 2> erro-group-root/erro-neos-555884.txt
/bin/bash: line 1: 12052 Aborted                 timeout 21600 ./cbc -import /home/danilo/cbc-test-set/neos-574665.mps.gz -timeM elapsed -seconds 10800 -knapsack off -solve -solu sol-group-root/neos-574665.txt -quit > round-group-root/neos-574665.txt 2> erro-group-root/erro-neos-574665.txt
/bin/bash: line 1: 12024 Aborted                 timeout 21600 ./cbc -import /home/danilo/cbc-test-set/neos-555927.mps.gz -timeM elapsed -seconds 10800 -knapsack off -solve -solu sol-group-root/neos-555927.txt -quit > round-group-root/neos-555927.txt 2> erro-group-root/erro-neos-555927.txt
